<?xml version="1.0" encoding="UTF-8"?>
<!-- Generated by org.testng.reporters.JUnitReportReporter -->
<testsuite hostname="PESSOAL" failures="0" tests="3" name="P_relatorios.TESTE_ALLURE.TesteAllure" time="17.037" errors="0" timestamp="2022-01-14T12:27:24 BRT" skipped="0">
  <testcase classname="P_relatorios.TESTE_ALLURE.TesteAllure" name="Acessar" time="6.541"/>
  <system-out/>
  <testcase classname="P_relatorios.TESTE_ALLURE.TesteAllure" name="search" time="3.209"/>
  <system-out/>
  <testcase classname="P_relatorios.TESTE_ALLURE.TesteAllure" name="click" time="7.287"/>
  <system-out/>
</testsuite> <!-- P_relatorios.TESTE_ALLURE.TesteAllure -->
